{"/Users/javier/Documents/workspace/vue-workshop/src/app/App.vue": {"path":"/Users/javier/Documents/workspace/vue-workshop/src/app/App.vue","statementMap":{"0":{"start":{"line":16,"column":0},"end":{"line":null,"column":-1}},"1":{"start":{"line":24,"column":0},"end":{"line":null,"column":-1}},"2":{"start":{"line":31,"column":0},"end":{"line":null,"column":-1}},"3":{"start":{"line":36,"column":0},"end":{"line":null,"column":-1}},"4":{"start":{"line":39,"column":0},"end":{"line":null,"column":-1}},"5":{"start":{"line":46,"column":0},"end":{"line":null,"column":-1}},"6":{"start":{"line":47,"column":0},"end":{"line":null,"column":-1}},"7":{"start":{"line":52,"column":0},"end":{"line":null,"column":-1}},"8":{"start":{"line":55,"column":0},"end":{"line":null,"column":-1}}},"fnMap":{"0":{"name":"data","decl":{"start":{"line":23,"column":0},"end":{"line":null,"column":-1}},"loc":{"start":{"line":23,"column":0},"end":{"line":28,"column":0}}},"1":{"name":"unsavedTodos","decl":{"start":{"line":30,"column":0},"end":{"line":null,"column":-1}},"loc":{"start":{"line":30,"column":0},"end":{"line":32,"column":0}}},"2":{"name":"(anonymous_4)","decl":{"start":{"line":31,"column":0},"end":{"line":null,"column":-1}},"loc":{"start":{"line":31,"column":0},"end":{"line":null,"column":-1}}},"3":{"name":"findTodo","decl":{"start":{"line":35,"column":0},"end":{"line":null,"column":-1}},"loc":{"start":{"line":35,"column":0},"end":{"line":37,"column":0}}},"4":{"name":"(anonymous_6)","decl":{"start":{"line":36,"column":0},"end":{"line":null,"column":-1}},"loc":{"start":{"line":36,"column":0},"end":{"line":null,"column":-1}}},"5":{"name":"addTodo","decl":{"start":{"line":38,"column":0},"end":{"line":null,"column":-1}},"loc":{"start":{"line":38,"column":0},"end":{"line":44,"column":0}}},"6":{"name":"saveTodo","decl":{"start":{"line":45,"column":0},"end":{"line":null,"column":-1}},"loc":{"start":{"line":45,"column":0},"end":{"line":50,"column":0}}},"7":{"name":"editTodo","decl":{"start":{"line":51,"column":0},"end":{"line":null,"column":-1}},"loc":{"start":{"line":51,"column":0},"end":{"line":53,"column":0}}},"8":{"name":"deleteTodo","decl":{"start":{"line":54,"column":0},"end":{"line":null,"column":-1}},"loc":{"start":{"line":54,"column":0},"end":{"line":56,"column":0}}},"9":{"name":"(anonymous_11)","decl":{"start":{"line":55,"column":0},"end":{"line":null,"column":-1}},"loc":{"start":{"line":55,"column":0},"end":{"line":null,"column":-1}}}},"branchMap":{"0":{"loc":{"start":{"line":47,"column":0},"end":{"line":null,"column":-1}},"type":"cond-expr","locations":[{"start":{"line":47,"column":0},"end":{"line":null,"column":-1}},{"start":{"line":47,"column":0},"end":{"line":null,"column":-1}}]}},"s":{"0":0,"1":0,"2":0,"3":0,"4":0,"5":0,"6":0,"7":0,"8":0},"f":{"0":0,"1":0,"2":0,"3":0,"4":0,"5":0,"6":0,"7":0,"8":0,"9":0},"b":{"0":[0,0]}}
,"/Users/javier/Documents/workspace/vue-workshop/src/exercises/Text.vue": {"path":"/Users/javier/Documents/workspace/vue-workshop/src/exercises/Text.vue","statementMap":{"0":{"start":{"line":8,"column":0},"end":{"line":null,"column":-1}}},"fnMap":{"0":{"name":"data","decl":{"start":{"line":7,"column":0},"end":{"line":null,"column":-1}},"loc":{"start":{"line":7,"column":0},"end":{"line":11,"column":0}}}},"branchMap":{},"s":{"0":0},"f":{"0":0},"b":{}}
}
