TN:
SF:/Users/javier/Documents/workspace/vue-workshop/src/app/App.vue
FN:23,data
FN:30,unsavedTodos
FN:31,(anonymous_4)
FN:35,findTodo
FN:36,(anonymous_6)
FN:38,addTodo
FN:45,saveTodo
FN:51,editTodo
FN:54,deleteTodo
FN:55,(anonymous_11)
FNF:10
FNH:0
FNDA:0,data
FNDA:0,unsavedTodos
FNDA:0,(anonymous_4)
FNDA:0,findTodo
FNDA:0,(anonymous_6)
FNDA:0,addTodo
FNDA:0,saveTodo
FNDA:0,editTodo
FNDA:0,deleteTodo
FNDA:0,(anonymous_11)
DA:16,0
DA:24,0
DA:31,0
DA:36,0
DA:39,0
DA:46,0
DA:47,0
DA:52,0
DA:55,0
LF:9
LH:0
BRDA:47,0,0,0
BRDA:47,0,1,0
BRF:2
BRH:0
end_of_record
TN:
SF:/Users/javier/Documents/workspace/vue-workshop/src/exercises/Text.vue
FN:7,data
FNF:1
FNH:0
FNDA:0,data
DA:8,0
LF:1
LH:0
BRF:0
BRH:0
end_of_record
